<?xml version="1.0" encoding="UTF-8"?>
<!-- Generated by org.testng.reporters.JUnitXMLReporter -->
<testsuite ignored="0" hostname="Raashids-MacBook-Air.local" failures="0" tests="7" name="FreeCRM Application Tests" time="93.199" errors="0" timestamp="06 Sep. 2023 14:07:00 GMT">
  <testcase classname="testcases.ContactsPageTest" name="verifyContactsPageLabel" time="0.062"/>
  <testcase classname="testcases.HomePageTest" name="verifyHomePageTitleTest" time="0.009"/>
  <testcase classname="testcases.LoginPageTest" name="verifyPageTitleTest" time="0.015"/>
  <testcase classname="testcases.ContactsPageTest" name="clickOnContacts" time="4.642"/>
  <testcase classname="testcases.HomePageTest" name="verifyUserNameTest" time="2.035"/>
  <testcase classname="testcases.LoginPageTest" name="login" time="5.282"/>
  <testcase classname="testcases.HomePageTest" name="verifyContactLinkTest" time="1.041"/>
</testsuite> <!-- FreeCRM Application Tests -->
