<?xml version="1.0" encoding="UTF-8"?>
<!-- Generated by org.testng.reporters.JUnitXMLReporter -->
<testsuite ignored="0" hostname="Raashids-MacBook-Air.local" failures="0" tests="10" name="FreeCRM Application Tests" time="115.285" errors="0" timestamp="07 Sep. 2023 12:24:56 GMT">
  <testcase classname="testcases.ContactsPageTest" name="verifyContactsPageLabel" time="0.055"/>
  <testcase classname="testcases.HomePageTest" name="verifyHomePageTitleTest" time="0.011"/>
  <testcase classname="testcases.LoginPageTest" name="verifyPageTitleTest" time="0.017"/>
  <testcase classname="testcases.ContactsPageTest" name="clickOnContacts" time="0.666"/>
  <testcase classname="testcases.HomePageTest" name="verifyUserNameTest" time="2.062"/>
  <testcase classname="testcases.LoginPageTest" name="login" time="2.905"/>
  <testcase classname="testcases.ContactsPageTest" name="validateCreateNewContact" time="1.117"/>
  <testcase classname="testcases.ContactsPageTest" name="validateCreateNewContact" time="1.133"/>
  <testcase classname="testcases.ContactsPageTest" name="validateCreateNewContact" time="1.243"/>
  <testcase classname="testcases.HomePageTest" name="verifyContactLinkTest" time="0.937"/>
</testsuite> <!-- FreeCRM Application Tests -->
