<?xml version="1.0" encoding="UTF-8"?>
<!-- Generated by org.testng.reporters.JUnitXMLReporter -->
<testsuite ignored="0" hostname="Raashids-MacBook-Air.local" failures="0" tests="5" name="Default test" time="61.864" errors="0" timestamp="06 Sep. 2023 22:59:29 GMT">
  <testcase classname="testcases.ContactsPageTest" name="verifyContactsPageLabel" time="0.041"/>
  <testcase classname="testcases.ContactsPageTest" name="clickOnContacts" time="0.679"/>
  <testcase classname="testcases.ContactsPageTest" name="validateCreateNewContact" time="1.148"/>
  <testcase classname="testcases.ContactsPageTest" name="validateCreateNewContact" time="1.152"/>
  <testcase classname="testcases.ContactsPageTest" name="validateCreateNewContact" time="1.192"/>
</testsuite> <!-- Default test -->
