<?xml version="1.0" encoding="UTF-8"?>
<testng-results ignored="0" total="10" passed="10" failed="0" skipped="0">
  <reporter-output>
  </reporter-output>
  <suite started-at="2023-09-07T12:23:01Z" name="FreeCRM Application Automation Test Suite" finished-at="2023-09-07T12:24:56Z" duration-ms="115285">
    <groups>
    </groups>
    <test started-at="2023-09-07T12:23:01Z" name="FreeCRM Application Tests" finished-at="2023-09-07T12:24:56Z" duration-ms="115285">
      <class name="testcases.ContactsPageTest">
        <test-method is-config="true" signature="setUp()[pri:0, instance:testcases.ContactsPageTest@1356d4d4]" started-at="2023-09-07T12:23:01Z" name="setUp" finished-at="2023-09-07T12:23:17Z" duration-ms="15941" status="PASS">
          <reporter-output>
          </reporter-output>
        </test-method> <!-- setUp -->
        <test-method signature="verifyContactsPageLabel()[pri:1, instance:testcases.ContactsPageTest@1356d4d4]" started-at="2023-09-07T12:23:17Z" name="verifyContactsPageLabel" finished-at="2023-09-07T12:23:17Z" duration-ms="55" status="PASS">
          <reporter-output>
          </reporter-output>
        </test-method> <!-- verifyContactsPageLabel -->
        <test-method is-config="true" signature="tearDown()[pri:0, instance:testcases.ContactsPageTest@1356d4d4]" started-at="2023-09-07T12:23:17Z" name="tearDown" finished-at="2023-09-07T12:23:17Z" duration-ms="663" status="PASS">
          <reporter-output>
          </reporter-output>
        </test-method> <!-- tearDown -->
        <test-method is-config="true" signature="setUp()[pri:0, instance:testcases.ContactsPageTest@1356d4d4]" started-at="2023-09-07T12:23:34Z" name="setUp" finished-at="2023-09-07T12:23:45Z" duration-ms="10480" status="PASS">
          <reporter-output>
          </reporter-output>
        </test-method> <!-- setUp -->
        <test-method signature="clickOnContacts()[pri:2, instance:testcases.ContactsPageTest@1356d4d4]" started-at="2023-09-07T12:23:45Z" name="clickOnContacts" finished-at="2023-09-07T12:23:45Z" duration-ms="666" status="PASS">
          <reporter-output>
          </reporter-output>
        </test-method> <!-- clickOnContacts -->
        <test-method is-config="true" signature="tearDown()[pri:0, instance:testcases.ContactsPageTest@1356d4d4]" started-at="2023-09-07T12:23:46Z" name="tearDown" finished-at="2023-09-07T12:23:46Z" duration-ms="529" status="PASS">
          <reporter-output>
          </reporter-output>
        </test-method> <!-- tearDown -->
        <test-method is-config="true" signature="setUp()[pri:0, instance:testcases.ContactsPageTest@1356d4d4]" started-at="2023-09-07T12:24:09Z" name="setUp" finished-at="2023-09-07T12:24:20Z" duration-ms="10430" status="PASS">
          <reporter-output>
          </reporter-output>
        </test-method> <!-- setUp -->
        <test-method signature="validateCreateNewContact(java.lang.String, java.lang.String, java.lang.String)[pri:3, instance:testcases.ContactsPageTest@1356d4d4]" started-at="2023-09-07T12:24:20Z" name="validateCreateNewContact" data-provider="getCRMTestData" finished-at="2023-09-07T12:24:21Z" duration-ms="1117" status="PASS">
          <params>
            <param index="0">
              <value>
                <![CDATA[Chris]]>
              </value>
            </param>
            <param index="1">
              <value>
                <![CDATA[Griffin]]>
              </value>
            </param>
            <param index="2">
              <value>
                <![CDATA[Sales]]>
              </value>
            </param>
          </params>
          <reporter-output>
          </reporter-output>
        </test-method> <!-- validateCreateNewContact -->
        <test-method is-config="true" signature="tearDown()[pri:0, instance:testcases.ContactsPageTest@1356d4d4]" started-at="2023-09-07T12:24:21Z" name="tearDown" finished-at="2023-09-07T12:24:21Z" duration-ms="637" status="PASS">
          <reporter-output>
          </reporter-output>
        </test-method> <!-- tearDown -->
        <test-method is-config="true" signature="setUp()[pri:0, instance:testcases.ContactsPageTest@1356d4d4]" started-at="2023-09-07T12:24:21Z" name="setUp" finished-at="2023-09-07T12:24:31Z" duration-ms="10047" status="PASS">
          <reporter-output>
          </reporter-output>
        </test-method> <!-- setUp -->
        <test-method signature="validateCreateNewContact(java.lang.String, java.lang.String, java.lang.String)[pri:3, instance:testcases.ContactsPageTest@1356d4d4]" started-at="2023-09-07T12:24:31Z" name="validateCreateNewContact" data-provider="getCRMTestData" finished-at="2023-09-07T12:24:33Z" duration-ms="1133" status="PASS">
          <params>
            <param index="0">
              <value>
                <![CDATA[Brian]]>
              </value>
            </param>
            <param index="1">
              <value>
                <![CDATA[Griffin]]>
              </value>
            </param>
            <param index="2">
              <value>
                <![CDATA[Marketing]]>
              </value>
            </param>
          </params>
          <reporter-output>
          </reporter-output>
        </test-method> <!-- validateCreateNewContact -->
        <test-method is-config="true" signature="tearDown()[pri:0, instance:testcases.ContactsPageTest@1356d4d4]" started-at="2023-09-07T12:24:33Z" name="tearDown" finished-at="2023-09-07T12:24:33Z" duration-ms="536" status="PASS">
          <reporter-output>
          </reporter-output>
        </test-method> <!-- tearDown -->
        <test-method is-config="true" signature="setUp()[pri:0, instance:testcases.ContactsPageTest@1356d4d4]" started-at="2023-09-07T12:24:33Z" name="setUp" finished-at="2023-09-07T12:24:44Z" duration-ms="10498" status="PASS">
          <reporter-output>
          </reporter-output>
        </test-method> <!-- setUp -->
        <test-method signature="validateCreateNewContact(java.lang.String, java.lang.String, java.lang.String)[pri:3, instance:testcases.ContactsPageTest@1356d4d4]" started-at="2023-09-07T12:24:44Z" name="validateCreateNewContact" data-provider="getCRMTestData" finished-at="2023-09-07T12:24:45Z" duration-ms="1243" status="PASS">
          <params>
            <param index="0">
              <value>
                <![CDATA[Stewie]]>
              </value>
            </param>
            <param index="1">
              <value>
                <![CDATA[Griffin]]>
              </value>
            </param>
            <param index="2">
              <value>
                <![CDATA[Engineering]]>
              </value>
            </param>
          </params>
          <reporter-output>
          </reporter-output>
        </test-method> <!-- validateCreateNewContact -->
        <test-method is-config="true" signature="tearDown()[pri:0, instance:testcases.ContactsPageTest@1356d4d4]" started-at="2023-09-07T12:24:45Z" name="tearDown" finished-at="2023-09-07T12:24:45Z" duration-ms="517" status="PASS">
          <reporter-output>
          </reporter-output>
        </test-method> <!-- tearDown -->
      </class> <!-- testcases.ContactsPageTest -->
      <class name="testcases.HomePageTest">
        <test-method is-config="true" signature="setUp()[pri:0, instance:testcases.HomePageTest@c03cf28]" started-at="2023-09-07T12:23:17Z" name="setUp" finished-at="2023-09-07T12:23:27Z" duration-ms="9281" status="PASS">
          <reporter-output>
          </reporter-output>
        </test-method> <!-- setUp -->
        <test-method signature="verifyHomePageTitleTest()[pri:1, instance:testcases.HomePageTest@c03cf28]" started-at="2023-09-07T12:23:27Z" name="verifyHomePageTitleTest" finished-at="2023-09-07T12:23:27Z" duration-ms="11" status="PASS">
          <reporter-output>
          </reporter-output>
        </test-method> <!-- verifyHomePageTitleTest -->
        <test-method is-config="true" signature="tearDown()[pri:0, instance:testcases.HomePageTest@c03cf28]" started-at="2023-09-07T12:23:27Z" name="tearDown" finished-at="2023-09-07T12:23:27Z" duration-ms="515" status="PASS">
          <reporter-output>
          </reporter-output>
        </test-method> <!-- tearDown -->
        <test-method is-config="true" signature="setUp()[pri:0, instance:testcases.HomePageTest@c03cf28]" started-at="2023-09-07T12:23:46Z" name="setUp" finished-at="2023-09-07T12:23:56Z" duration-ms="9475" status="PASS">
          <reporter-output>
          </reporter-output>
        </test-method> <!-- setUp -->
        <test-method signature="verifyUserNameTest()[pri:2, instance:testcases.HomePageTest@c03cf28]" started-at="2023-09-07T12:23:56Z" name="verifyUserNameTest" finished-at="2023-09-07T12:23:58Z" duration-ms="2062" status="PASS">
          <reporter-output>
          </reporter-output>
        </test-method> <!-- verifyUserNameTest -->
        <test-method is-config="true" signature="tearDown()[pri:0, instance:testcases.HomePageTest@c03cf28]" started-at="2023-09-07T12:23:58Z" name="tearDown" finished-at="2023-09-07T12:23:58Z" duration-ms="625" status="PASS">
          <reporter-output>
          </reporter-output>
        </test-method> <!-- tearDown -->
        <test-method is-config="true" signature="setUp()[pri:0, instance:testcases.HomePageTest@c03cf28]" started-at="2023-09-07T12:24:45Z" name="setUp" finished-at="2023-09-07T12:24:54Z" duration-ms="9079" status="PASS">
          <reporter-output>
          </reporter-output>
        </test-method> <!-- setUp -->
        <test-method signature="verifyContactLinkTest()[pri:3, instance:testcases.HomePageTest@c03cf28]" started-at="2023-09-07T12:24:54Z" name="verifyContactLinkTest" finished-at="2023-09-07T12:24:55Z" duration-ms="937" status="PASS">
          <reporter-output>
          </reporter-output>
        </test-method> <!-- verifyContactLinkTest -->
        <test-method is-config="true" signature="tearDown()[pri:0, instance:testcases.HomePageTest@c03cf28]" started-at="2023-09-07T12:24:55Z" name="tearDown" finished-at="2023-09-07T12:24:56Z" duration-ms="519" status="PASS">
          <reporter-output>
          </reporter-output>
        </test-method> <!-- tearDown -->
      </class> <!-- testcases.HomePageTest -->
      <class name="testcases.LoginPageTest">
        <test-method is-config="true" signature="setUp()[pri:0, instance:testcases.LoginPageTest@1329eff]" started-at="2023-09-07T12:23:27Z" name="setUp" finished-at="2023-09-07T12:23:34Z" duration-ms="6640" status="PASS">
          <reporter-output>
          </reporter-output>
        </test-method> <!-- setUp -->
        <test-method signature="verifyPageTitleTest()[pri:1, instance:testcases.LoginPageTest@1329eff]" started-at="2023-09-07T12:23:34Z" name="verifyPageTitleTest" finished-at="2023-09-07T12:23:34Z" duration-ms="17" status="PASS">
          <reporter-output>
          </reporter-output>
        </test-method> <!-- verifyPageTitleTest -->
        <test-method is-config="true" signature="tearDown()[pri:0, instance:testcases.LoginPageTest@1329eff]" started-at="2023-09-07T12:23:34Z" name="tearDown" finished-at="2023-09-07T12:23:34Z" duration-ms="580" status="PASS">
          <reporter-output>
          </reporter-output>
        </test-method> <!-- tearDown -->
        <test-method is-config="true" signature="setUp()[pri:0, instance:testcases.LoginPageTest@1329eff]" started-at="2023-09-07T12:23:58Z" name="setUp" finished-at="2023-09-07T12:24:05Z" duration-ms="7220" status="PASS">
          <reporter-output>
          </reporter-output>
        </test-method> <!-- setUp -->
        <test-method signature="login()[pri:2, instance:testcases.LoginPageTest@1329eff]" started-at="2023-09-07T12:24:05Z" name="login" finished-at="2023-09-07T12:24:08Z" duration-ms="2905" status="PASS">
          <reporter-output>
          </reporter-output>
        </test-method> <!-- login -->
        <test-method is-config="true" signature="tearDown()[pri:0, instance:testcases.LoginPageTest@1329eff]" started-at="2023-09-07T12:24:08Z" name="tearDown" finished-at="2023-09-07T12:24:09Z" duration-ms="466" status="PASS">
          <reporter-output>
          </reporter-output>
        </test-method> <!-- tearDown -->
      </class> <!-- testcases.LoginPageTest -->
    </test> <!-- FreeCRM Application Tests -->
  </suite> <!-- FreeCRM Application Automation Test Suite -->
</testng-results>
