<?xml version="1.0" encoding="UTF-8"?>
<testng-results ignored="0" total="7" passed="7" failed="0" skipped="0">
  <reporter-output>
  </reporter-output>
  <suite started-at="2023-09-06T14:05:27Z" name="FreeCRM Application Automation Test Suite" finished-at="2023-09-06T14:07:00Z" duration-ms="93199">
    <groups>
    </groups>
    <test started-at="2023-09-06T14:05:27Z" name="FreeCRM Application Tests" finished-at="2023-09-06T14:07:00Z" duration-ms="93199">
      <class name="testcases.ContactsPageTest">
        <test-method is-config="true" signature="setUp()[pri:0, instance:testcases.ContactsPageTest@3cc1435c]" started-at="2023-09-06T14:05:27Z" name="setUp" finished-at="2023-09-06T14:05:43Z" duration-ms="15809" status="PASS">
          <reporter-output>
          </reporter-output>
        </test-method> <!-- setUp -->
        <test-method signature="verifyContactsPageLabel()[pri:1, instance:testcases.ContactsPageTest@3cc1435c]" started-at="2023-09-06T14:05:43Z" name="verifyContactsPageLabel" finished-at="2023-09-06T14:05:43Z" duration-ms="62" status="PASS">
          <reporter-output>
          </reporter-output>
        </test-method> <!-- verifyContactsPageLabel -->
        <test-method is-config="true" signature="tearDown()[pri:0, instance:testcases.ContactsPageTest@3cc1435c]" started-at="2023-09-06T14:05:43Z" name="tearDown" finished-at="2023-09-06T14:05:44Z" duration-ms="575" status="PASS">
          <reporter-output>
          </reporter-output>
        </test-method> <!-- tearDown -->
        <test-method is-config="true" signature="setUp()[pri:0, instance:testcases.ContactsPageTest@3cc1435c]" started-at="2023-09-06T14:06:03Z" name="setUp" finished-at="2023-09-06T14:06:16Z" duration-ms="12993" status="PASS">
          <reporter-output>
          </reporter-output>
        </test-method> <!-- setUp -->
        <test-method signature="clickOnContacts()[pri:2, instance:testcases.ContactsPageTest@3cc1435c]" started-at="2023-09-06T14:06:16Z" name="clickOnContacts" finished-at="2023-09-06T14:06:21Z" duration-ms="4642" status="PASS">
          <reporter-output>
          </reporter-output>
        </test-method> <!-- clickOnContacts -->
        <test-method is-config="true" signature="tearDown()[pri:0, instance:testcases.ContactsPageTest@3cc1435c]" started-at="2023-09-06T14:06:21Z" name="tearDown" finished-at="2023-09-06T14:06:21Z" duration-ms="545" status="PASS">
          <reporter-output>
          </reporter-output>
        </test-method> <!-- tearDown -->
      </class> <!-- testcases.ContactsPageTest -->
      <class name="testcases.HomePageTest">
        <test-method is-config="true" signature="setUp()[pri:0, instance:testcases.HomePageTest@6bf0219d]" started-at="2023-09-06T14:05:44Z" name="setUp" finished-at="2023-09-06T14:05:55Z" duration-ms="11594" status="PASS">
          <reporter-output>
          </reporter-output>
        </test-method> <!-- setUp -->
        <test-method signature="verifyHomePageTitleTest()[pri:1, instance:testcases.HomePageTest@6bf0219d]" started-at="2023-09-06T14:05:55Z" name="verifyHomePageTitleTest" finished-at="2023-09-06T14:05:55Z" duration-ms="9" status="PASS">
          <reporter-output>
          </reporter-output>
        </test-method> <!-- verifyHomePageTitleTest -->
        <test-method is-config="true" signature="tearDown()[pri:0, instance:testcases.HomePageTest@6bf0219d]" started-at="2023-09-06T14:05:55Z" name="tearDown" finished-at="2023-09-06T14:05:56Z" duration-ms="619" status="PASS">
          <reporter-output>
          </reporter-output>
        </test-method> <!-- tearDown -->
        <test-method is-config="true" signature="setUp()[pri:0, instance:testcases.HomePageTest@6bf0219d]" started-at="2023-09-06T14:06:21Z" name="setUp" finished-at="2023-09-06T14:06:32Z" duration-ms="11266" status="PASS">
          <reporter-output>
          </reporter-output>
        </test-method> <!-- setUp -->
        <test-method signature="verifyUserNameTest()[pri:2, instance:testcases.HomePageTest@6bf0219d]" started-at="2023-09-06T14:06:32Z" name="verifyUserNameTest" finished-at="2023-09-06T14:06:34Z" duration-ms="2035" status="PASS">
          <reporter-output>
          </reporter-output>
        </test-method> <!-- verifyUserNameTest -->
        <test-method is-config="true" signature="tearDown()[pri:0, instance:testcases.HomePageTest@6bf0219d]" started-at="2023-09-06T14:06:34Z" name="tearDown" finished-at="2023-09-06T14:06:35Z" duration-ms="499" status="PASS">
          <reporter-output>
          </reporter-output>
        </test-method> <!-- tearDown -->
        <test-method is-config="true" signature="setUp()[pri:0, instance:testcases.HomePageTest@6bf0219d]" started-at="2023-09-06T14:06:47Z" name="setUp" finished-at="2023-09-06T14:06:59Z" duration-ms="11679" status="PASS">
          <reporter-output>
          </reporter-output>
        </test-method> <!-- setUp -->
        <test-method signature="verifyContactLinkTest()[pri:3, instance:testcases.HomePageTest@6bf0219d]" started-at="2023-09-06T14:06:59Z" name="verifyContactLinkTest" finished-at="2023-09-06T14:07:00Z" duration-ms="1041" status="PASS">
          <reporter-output>
          </reporter-output>
        </test-method> <!-- verifyContactLinkTest -->
        <test-method is-config="true" signature="tearDown()[pri:0, instance:testcases.HomePageTest@6bf0219d]" started-at="2023-09-06T14:07:00Z" name="tearDown" finished-at="2023-09-06T14:07:00Z" duration-ms="506" status="PASS">
          <reporter-output>
          </reporter-output>
        </test-method> <!-- tearDown -->
      </class> <!-- testcases.HomePageTest -->
      <class name="testcases.LoginPageTest">
        <test-method is-config="true" signature="setUp()[pri:0, instance:testcases.LoginPageTest@dd0c991]" started-at="2023-09-06T14:05:56Z" name="setUp" finished-at="2023-09-06T14:06:02Z" duration-ms="6517" status="PASS">
          <reporter-output>
          </reporter-output>
        </test-method> <!-- setUp -->
        <test-method signature="verifyPageTitleTest()[pri:1, instance:testcases.LoginPageTest@dd0c991]" started-at="2023-09-06T14:06:02Z" name="verifyPageTitleTest" finished-at="2023-09-06T14:06:02Z" duration-ms="15" status="PASS">
          <reporter-output>
          </reporter-output>
        </test-method> <!-- verifyPageTitleTest -->
        <test-method is-config="true" signature="tearDown()[pri:0, instance:testcases.LoginPageTest@dd0c991]" started-at="2023-09-06T14:06:02Z" name="tearDown" finished-at="2023-09-06T14:06:03Z" duration-ms="565" status="PASS">
          <reporter-output>
          </reporter-output>
        </test-method> <!-- tearDown -->
        <test-method is-config="true" signature="setUp()[pri:0, instance:testcases.LoginPageTest@dd0c991]" started-at="2023-09-06T14:06:35Z" name="setUp" finished-at="2023-09-06T14:06:41Z" duration-ms="6432" status="PASS">
          <reporter-output>
          </reporter-output>
        </test-method> <!-- setUp -->
        <test-method signature="login()[pri:2, instance:testcases.LoginPageTest@dd0c991]" started-at="2023-09-06T14:06:41Z" name="login" finished-at="2023-09-06T14:06:47Z" duration-ms="5282" status="PASS">
          <reporter-output>
          </reporter-output>
        </test-method> <!-- login -->
        <test-method is-config="true" signature="tearDown()[pri:0, instance:testcases.LoginPageTest@dd0c991]" started-at="2023-09-06T14:06:47Z" name="tearDown" finished-at="2023-09-06T14:06:47Z" duration-ms="459" status="PASS">
          <reporter-output>
          </reporter-output>
        </test-method> <!-- tearDown -->
      </class> <!-- testcases.LoginPageTest -->
    </test> <!-- FreeCRM Application Tests -->
  </suite> <!-- FreeCRM Application Automation Test Suite -->
</testng-results>
